This is pdfTeX, Version 3.14159265-2.6-1.40.21 (TeX Live 2020/W32TeX) (preloaded format=pdflatex 2021.1.6)  27 SEP 2021 21:00
entering extended mode
 restricted \write18 enabled.
 file:line:error style messages enabled.
 %&-line parsing enabled.
**c:/zhbli/博士/论文提交/adversarial_attack/TCSVT/大修/正文/main
(c:/zhbli/博士/论文提交/adversarial_attack/TCSVT/大修/正文/main.tex
LaTeX2e <2020-02-02> patch level 5
L3 programming layer <2020-03-06> (c:/texlive/2020/texmf-dist/tex/latex/IEEEtran/IEEEtran.cls
Document Class: IEEEtran 2015/08/26 V1.8b by Michael Shell
-- See the "IEEEtran_HOWTO" manual for usage information.
-- http://www.michaelshell.org/tex/ieeetran/
\@IEEEtrantmpdimenA=\dimen134
\@IEEEtrantmpdimenB=\dimen135
\@IEEEtrantmpdimenC=\dimen136
\@IEEEtrantmpcountA=\count167
\@IEEEtrantmpcountB=\count168
\@IEEEtrantmpcountC=\count169
\@IEEEtrantmptoksA=\toks15
LaTeX Font Info:    Trying to load font information for OT1+ptm on input line 503.
(c:/texlive/2020/texmf-dist/tex/latex/psnfss/ot1ptm.fd
File: ot1ptm.fd 2001/06/04 font definitions for OT1/ptm.
)
-- Using 8.5in x 11in (letter) paper.
-- Using PDF output.
\@IEEEnormalsizeunitybaselineskip=\dimen137
-- This is a 10 point document.
\CLASSINFOnormalsizebaselineskip=\dimen138
\CLASSINFOnormalsizeunitybaselineskip=\dimen139
\IEEEnormaljot=\dimen140
LaTeX Font Info:    Font shape `OT1/ptm/bx/n' in size <5> not available
(Font)              Font shape `OT1/ptm/b/n' tried instead on input line 1090.
LaTeX Font Info:    Font shape `OT1/ptm/bx/it' in size <5> not available
(Font)              Font shape `OT1/ptm/b/it' tried instead on input line 1090.
LaTeX Font Info:    Font shape `OT1/ptm/bx/n' in size <7> not available
(Font)              Font shape `OT1/ptm/b/n' tried instead on input line 1090.
LaTeX Font Info:    Font shape `OT1/ptm/bx/it' in size <7> not available
(Font)              Font shape `OT1/ptm/b/it' tried instead on input line 1090.
LaTeX Font Info:    Font shape `OT1/ptm/bx/n' in size <8> not available
(Font)              Font shape `OT1/ptm/b/n' tried instead on input line 1090.
LaTeX Font Info:    Font shape `OT1/ptm/bx/it' in size <8> not available
(Font)              Font shape `OT1/ptm/b/it' tried instead on input line 1090.
LaTeX Font Info:    Font shape `OT1/ptm/bx/n' in size <9> not available
(Font)              Font shape `OT1/ptm/b/n' tried instead on input line 1090.
LaTeX Font Info:    Font shape `OT1/ptm/bx/it' in size <9> not available
(Font)              Font shape `OT1/ptm/b/it' tried instead on input line 1090.
LaTeX Font Info:    Font shape `OT1/ptm/bx/n' in size <10> not available
(Font)              Font shape `OT1/ptm/b/n' tried instead on input line 1090.
LaTeX Font Info:    Font shape `OT1/ptm/bx/it' in size <10> not available
(Font)              Font shape `OT1/ptm/b/it' tried instead on input line 1090.
LaTeX Font Info:    Font shape `OT1/ptm/bx/n' in size <11> not available
(Font)              Font shape `OT1/ptm/b/n' tried instead on input line 1090.
LaTeX Font Info:    Font shape `OT1/ptm/bx/it' in size <11> not available
(Font)              Font shape `OT1/ptm/b/it' tried instead on input line 1090.
LaTeX Font Info:    Font shape `OT1/ptm/bx/n' in size <12> not available
(Font)              Font shape `OT1/ptm/b/n' tried instead on input line 1090.
LaTeX Font Info:    Font shape `OT1/ptm/bx/it' in size <12> not available
(Font)              Font shape `OT1/ptm/b/it' tried instead on input line 1090.
LaTeX Font Info:    Font shape `OT1/ptm/bx/n' in size <17> not available
(Font)              Font shape `OT1/ptm/b/n' tried instead on input line 1090.
LaTeX Font Info:    Font shape `OT1/ptm/bx/it' in size <17> not available
(Font)              Font shape `OT1/ptm/b/it' tried instead on input line 1090.
LaTeX Font Info:    Font shape `OT1/ptm/bx/n' in size <20> not available
(Font)              Font shape `OT1/ptm/b/n' tried instead on input line 1090.
LaTeX Font Info:    Font shape `OT1/ptm/bx/it' in size <20> not available
(Font)              Font shape `OT1/ptm/b/it' tried instead on input line 1090.
LaTeX Font Info:    Font shape `OT1/ptm/bx/n' in size <24> not available
(Font)              Font shape `OT1/ptm/b/n' tried instead on input line 1090.
LaTeX Font Info:    Font shape `OT1/ptm/bx/it' in size <24> not available
(Font)              Font shape `OT1/ptm/b/it' tried instead on input line 1090.
\IEEEquantizedlength=\dimen141
\IEEEquantizedlengthdiff=\dimen142
\IEEEquantizedtextheightdiff=\dimen143
\IEEEilabelindentA=\dimen144
\IEEEilabelindentB=\dimen145
\IEEEilabelindent=\dimen146
\IEEEelabelindent=\dimen147
\IEEEdlabelindent=\dimen148
\IEEElabelindent=\dimen149
\IEEEiednormlabelsep=\dimen150
\IEEEiedmathlabelsep=\dimen151
\IEEEiedtopsep=\skip47
\c@section=\count170
\c@subsection=\count171
\c@subsubsection=\count172
\c@paragraph=\count173
\c@IEEEsubequation=\count174
\abovecaptionskip=\skip48
\belowcaptionskip=\skip49
\c@figure=\count175
\c@table=\count176
\@IEEEeqnnumcols=\count177
\@IEEEeqncolcnt=\count178
\@IEEEsubeqnnumrollback=\count179
\@IEEEquantizeheightA=\dimen152
\@IEEEquantizeheightB=\dimen153
\@IEEEquantizeheightC=\dimen154
\@IEEEquantizeprevdepth=\dimen155
\@IEEEquantizemultiple=\count180
\@IEEEquantizeboxA=\box45
\@IEEEtmpitemindent=\dimen156
\IEEEPARstartletwidth=\dimen157
\c@IEEEbiography=\count181
\@IEEEtranrubishbin=\box46
) (c:/texlive/2020/texmf-dist/tex/latex/graphics/graphicx.sty
Package: graphicx 2019/11/30 v1.2a Enhanced LaTeX Graphics (DPC,SPQR)
 (c:/texlive/2020/texmf-dist/tex/latex/graphics/keyval.sty
Package: keyval 2014/10/28 v1.15 key=value parser (DPC)
\KV@toks@=\toks16
) (c:/texlive/2020/texmf-dist/tex/latex/graphics/graphics.sty
Package: graphics 2019/11/30 v1.4a Standard LaTeX Graphics (DPC,SPQR)
 (c:/texlive/2020/texmf-dist/tex/latex/graphics/trig.sty
Package: trig 2016/01/03 v1.10 sin cos tan (DPC)
) (c:/texlive/2020/texmf-dist/tex/latex/graphics-cfg/graphics.cfg
File: graphics.cfg 2016/06/04 v1.11 sample graphics configuration
)
Package graphics Info: Driver file: pdftex.def on input line 105.
 (c:/texlive/2020/texmf-dist/tex/latex/graphics-def/pdftex.def
File: pdftex.def 2018/01/08 v1.0l Graphics/color driver for pdftex
))
\Gin@req@height=\dimen158
\Gin@req@width=\dimen159
) (c:/texlive/2020/texmf-dist/tex/latex/booktabs/booktabs.sty
Package: booktabs 2020/01/12 v1.61803398 Publication quality tables
\heavyrulewidth=\dimen160
\lightrulewidth=\dimen161
\cmidrulewidth=\dimen162
\belowrulesep=\dimen163
\belowbottomsep=\dimen164
\aboverulesep=\dimen165
\abovetopsep=\dimen166
\cmidrulesep=\dimen167
\cmidrulekern=\dimen168
\defaultaddspace=\dimen169
\@cmidla=\count182
\@cmidlb=\count183
\@aboverulesep=\dimen170
\@belowrulesep=\dimen171
\@thisruleclass=\count184
\@lastruleclass=\count185
\@thisrulewidth=\dimen172
) (c:/texlive/2020/texmf-dist/tex/latex/subfigure/subfigure.sty
Package: subfigure 2002/03/15 v2.1.5 subfigure package
\subfigtopskip=\skip50
\subfigcapskip=\skip51
\subfigcaptopadj=\dimen173
\subfigbottomskip=\skip52
\subfigcapmargin=\dimen174
\subfiglabelskip=\skip53
\c@subfigure=\count186
\c@lofdepth=\count187
\c@subtable=\count188
\c@lotdepth=\count189

****************************************
* Local config file subfigure.cfg used *
****************************************
(c:/texlive/2020/texmf-dist/tex/latex/subfigure/subfigure.cfg)
\subfig@top=\skip54
\subfig@bottom=\skip55
) (c:/texlive/2020/texmf-dist/tex/latex/algorithms/algorithm.sty
Package: algorithm 2009/08/24 v0.1 Document Style `algorithm' - floating environment
 (c:/texlive/2020/texmf-dist/tex/latex/float/float.sty
Package: float 2001/11/08 v1.3d Float enhancements (AL)
\c@float@type=\count190
\float@exts=\toks17
\float@box=\box47
\@float@everytoks=\toks18
\@floatcapt=\box48
) (c:/texlive/2020/texmf-dist/tex/latex/base/ifthen.sty
Package: ifthen 2014/09/29 v1.1c Standard LaTeX ifthen package (DPC)
)
\@float@every@algorithm=\toks19
\c@algorithm=\count191
) (c:/texlive/2020/texmf-dist/tex/latex/algorithms/algorithmic.sty
Package: algorithmic 2009/08/24 v0.1 Document Style `algorithmic'
\c@ALC@unique=\count192
\c@ALC@line=\count193
\c@ALC@rem=\count194
\c@ALC@depth=\count195
\ALC@tlm=\skip56
\algorithmicindent=\skip57
) (c:/texlive/2020/texmf-dist/tex/latex/multirow/multirow.sty
Package: multirow 2019/05/31 v2.5 Span multiple rows of a table
\multirow@colwidth=\skip58
\multirow@cntb=\count196
\multirow@dima=\skip59
\bigstrutjot=\dimen175
) (c:/texlive/2020/texmf-dist/tex/latex/amsfonts/amsfonts.sty
Package: amsfonts 2013/01/14 v3.01 Basic AMSFonts support
\@emptytoks=\toks20
\symAMSa=\mathgroup4
\symAMSb=\mathgroup5
LaTeX Font Info:    Redeclaring math symbol \hbar on input line 98.
LaTeX Font Info:    Overwriting math alphabet `\mathfrak' in version `bold'
(Font)                  U/euf/m/n --> U/euf/b/n on input line 106.
) (c:/texlive/2020/texmf-dist/tex/latex/graphics/color.sty
Package: color 2019/11/23 v1.2a Standard LaTeX Color (DPC)
 (c:/texlive/2020/texmf-dist/tex/latex/graphics-cfg/color.cfg
File: color.cfg 2016/01/02 v1.6 sample color configuration
)
Package color Info: Driver file: pdftex.def on input line 147.
) (c:/texlive/2020/texmf-dist/tex/latex/xcolor/xcolor.sty
Package: xcolor 2016/05/11 v2.12 LaTeX color extensions (UK)
 (c:/texlive/2020/texmf-dist/tex/latex/graphics-cfg/color.cfg
File: color.cfg 2016/01/02 v1.6 sample color configuration
)
Package xcolor Info: Driver file: pdftex.def on input line 225.
LaTeX Info: Redefining \color on input line 709.
Package xcolor Info: Model `cmy' substituted by `cmy0' on input line 1348.
Package xcolor Info: Model `hsb' substituted by `rgb' on input line 1352.
Package xcolor Info: Model `RGB' extended on input line 1364.
Package xcolor Info: Model `HTML' substituted by `rgb' on input line 1366.
Package xcolor Info: Model `Hsb' substituted by `hsb' on input line 1367.
Package xcolor Info: Model `tHsb' substituted by `hsb' on input line 1368.
Package xcolor Info: Model `HSB' substituted by `hsb' on input line 1369.
Package xcolor Info: Model `Gray' substituted by `gray' on input line 1370.
Package xcolor Info: Model `wave' substituted by `hsb' on input line 1371.
) (c:/texlive/2020/texmf-dist/tex/latex/amsfonts/amssymb.sty
Package: amssymb 2013/01/14 v3.01 AMS font symbols
) (c:/texlive/2020/texmf-dist/tex/latex/url/url.sty
\Urlmuskip=\muskip16
Package: url 2013/09/16  ver 3.4  Verb mode for urls, etc.
) (c:/texlive/2020/texmf-dist/tex/generic/ulem/ulem.sty
\UL@box=\box49
\UL@hyphenbox=\box50
\UL@skip=\skip60
\UL@hook=\toks21
\UL@height=\dimen176
\UL@pe=\count197
\UL@pixel=\dimen177
\ULC@box=\box51
Package: ulem 2019/11/18
\ULdepth=\dimen178
) (c:/texlive/2020/texmf-dist/tex/latex/amsmath/amsmath.sty
Package: amsmath 2020/01/20 v2.17e AMS math features
\@mathmargin=\skip61

For additional information on amsmath, use the `?' option.
(c:/texlive/2020/texmf-dist/tex/latex/amsmath/amstext.sty
Package: amstext 2000/06/29 v2.01 AMS text
 (c:/texlive/2020/texmf-dist/tex/latex/amsmath/amsgen.sty
File: amsgen.sty 1999/11/30 v2.0 generic functions
\@emptytoks=\toks22
\ex@=\dimen179
)) (c:/texlive/2020/texmf-dist/tex/latex/amsmath/amsbsy.sty
Package: amsbsy 1999/11/29 v1.2d Bold Symbols
\pmbraise@=\dimen180
) (c:/texlive/2020/texmf-dist/tex/latex/amsmath/amsopn.sty
Package: amsopn 2016/03/08 v2.02 operator names
)
\inf@bad=\count198
LaTeX Info: Redefining \frac on input line 227.
\uproot@=\count199
\leftroot@=\count266
LaTeX Info: Redefining \overline on input line 389.
\classnum@=\count267
\DOTSCASE@=\count268
LaTeX Info: Redefining \ldots on input line 486.
LaTeX Info: Redefining \dots on input line 489.
LaTeX Info: Redefining \cdots on input line 610.
\Mathstrutbox@=\box52
\strutbox@=\box53
\big@size=\dimen181
LaTeX Font Info:    Redeclaring font encoding OML on input line 733.
LaTeX Font Info:    Redeclaring font encoding OMS on input line 734.
\macc@depth=\count269
\c@MaxMatrixCols=\count270
\dotsspace@=\muskip17
\c@parentequation=\count271
\dspbrk@lvl=\count272
\tag@help=\toks23
\row@=\count273
\column@=\count274
\maxfields@=\count275
\andhelp@=\toks24
\eqnshift@=\dimen182
\alignsep@=\dimen183
\tagshift@=\dimen184
\tagwidth@=\dimen185
\totwidth@=\dimen186
\lineht@=\dimen187
\@envbody=\toks25
\multlinegap=\skip62
\multlinetaggap=\skip63
\mathdisplay@stack=\toks26
LaTeX Info: Redefining \[ on input line 2859.
LaTeX Info: Redefining \] on input line 2860.
) (c:/texlive/2020/texmf-dist/tex/latex/l3backend/l3backend-pdfmode.def
File: l3backend-pdfmode.def 2020-03-12 L3 backend support: PDF mode
\l__kernel_color_stack_int=\count276
\l__pdf_internal_box=\box54
) (./main.aux)
\openout1 = `main.aux'.

LaTeX Font Info:    Checking defaults for OML/cmm/m/it on input line 23.
LaTeX Font Info:    ... okay on input line 23.
LaTeX Font Info:    Checking defaults for OMS/cmsy/m/n on input line 23.
LaTeX Font Info:    ... okay on input line 23.
LaTeX Font Info:    Checking defaults for OT1/cmr/m/n on input line 23.
LaTeX Font Info:    ... okay on input line 23.
LaTeX Font Info:    Checking defaults for T1/cmr/m/n on input line 23.
LaTeX Font Info:    ... okay on input line 23.
LaTeX Font Info:    Checking defaults for TS1/cmr/m/n on input line 23.
LaTeX Font Info:    ... okay on input line 23.
LaTeX Font Info:    Checking defaults for OMX/cmex/m/n on input line 23.
LaTeX Font Info:    ... okay on input line 23.
LaTeX Font Info:    Checking defaults for U/cmr/m/n on input line 23.
LaTeX Font Info:    ... okay on input line 23.

-- Lines per column: 58 (exact).
(c:/texlive/2020/texmf-dist/tex/context/base/mkii/supp-pdf.mkii
[Loading MPS to PDF converter (version 2006.09.02).]
\scratchcounter=\count277
\scratchdimen=\dimen188
\scratchbox=\box55
\nofMPsegments=\count278
\nofMParguments=\count279
\everyMPshowfont=\toks27
\MPscratchCnt=\count280
\MPscratchDim=\dimen189
\MPnumerator=\count281
\makeMPintoPDFobject=\count282
\everyMPtoPDFconversion=\toks28
) (c:/texlive/2020/texmf-dist/tex/latex/epstopdf-pkg/epstopdf-base.sty
Package: epstopdf-base 2020-01-24 v2.11 Base part for package epstopdf
 (c:/texlive/2020/texmf-dist/tex/generic/infwarerr/infwarerr.sty
Package: infwarerr 2019/12/03 v1.5 Providing info/warning/error messages (HO)
) (c:/texlive/2020/texmf-dist/tex/latex/grfext/grfext.sty
Package: grfext 2019/12/03 v1.3 Manage graphics extensions (HO)
 (c:/texlive/2020/texmf-dist/tex/generic/kvdefinekeys/kvdefinekeys.sty
Package: kvdefinekeys 2019-12-19 v1.6 Define keys (HO)
)) (c:/texlive/2020/texmf-dist/tex/latex/kvoptions/kvoptions.sty
Package: kvoptions 2019/11/29 v3.13 Key value format for package options (HO)
 (c:/texlive/2020/texmf-dist/tex/generic/ltxcmds/ltxcmds.sty
Package: ltxcmds 2019/12/15 v1.24 LaTeX kernel commands for general use (HO)
) (c:/texlive/2020/texmf-dist/tex/generic/kvsetkeys/kvsetkeys.sty
Package: kvsetkeys 2019/12/15 v1.18 Key value parser (HO)
)) (c:/texlive/2020/texmf-dist/tex/latex/pdftexcmds/pdftexcmds.sty
Package: pdftexcmds 2019/11/24 v0.31 Utility functions of pdfTeX for LuaTeX (HO)
 (c:/texlive/2020/texmf-dist/tex/generic/iftex/iftex.sty
Package: iftex 2020/03/06 v1.0d TeX engine tests
)
Package pdftexcmds Info: \pdf@primitive is available.
Package pdftexcmds Info: \pdf@ifprimitive is available.
Package pdftexcmds Info: \pdfdraftmode found.
)
Package epstopdf-base Info: Redefining graphics rule for `.eps' on input line 485.
Package grfext Info: Graphics extension search list:
(grfext)             [.pdf,.png,.jpg,.mps,.jpeg,.jbig2,.jb2,.PDF,.PNG,.JPG,.JPEG,.JBIG2,.JB2,.eps]
(grfext)             \AppendGraphicsExtensions on input line 504.
 (c:/texlive/2020/texmf-dist/tex/latex/latexconfig/epstopdf-sys.cfg
File: epstopdf-sys.cfg 2010/07/13 v1.3 Configuration of (r)epstopdf for TeX Live
))
LaTeX Font Info:    Trying to load font information for OMS+ptm on input line 37.
 (c:/texlive/2020/texmf-dist/tex/latex/psnfss/omsptm.fd
File: omsptm.fd 
)
LaTeX Font Info:    Font shape `OMS/ptm/m/n' in size <8> not available
(Font)              Font shape `OMS/cmsy/m/n' tried instead on input line 37.
<images_imperceptible/UAP_small.pdf, id=1, 442.53331pt x 357.25468pt>
File: images_imperceptible/UAP_small.pdf Graphic file (type pdf)
<use images_imperceptible/UAP_small.pdf>
Package pdftex.def Info: images_imperceptible/UAP_small.pdf  used on input line 63.
(pdftex.def)             Requested size: 232.19843pt x 187.45248pt.
<images_imperceptible/1_v8.pdf, id=2, 2457.18pt x 1524.65607pt>
File: images_imperceptible/1_v8.pdf Graphic file (type pdf)
<use images_imperceptible/1_v8.pdf>
Package pdftex.def Info: images_imperceptible/1_v8.pdf  used on input line 75.
(pdftex.def)             Requested size: 232.19843pt x 144.07611pt.
LaTeX Font Info:    Trying to load font information for U+msa on input line 85.
 (c:/texlive/2020/texmf-dist/tex/latex/amsfonts/umsa.fd
File: umsa.fd 2013/01/14 v3.01 AMS symbols A
)
LaTeX Font Info:    Trying to load font information for U+msb on input line 85.
 (c:/texlive/2020/texmf-dist/tex/latex/amsfonts/umsb.fd
File: umsb.fd 2013/01/14 v3.01 AMS symbols B
) [1{c:/texlive/2020/texmf-var/fonts/map/pdftex/updmap/pdftex.map}


 <./images_imperceptible/UAP_small.pdf>] [2 <./images_imperceptible/1_v8.pdf>] [3]
<images_imperceptible/network_v5.pdf, id=86, 270.22385pt x 187.45032pt>
File: images_imperceptible/network_v5.pdf Graphic file (type pdf)
<use images_imperceptible/network_v5.pdf>
Package pdftex.def Info: images_imperceptible/network_v5.pdf  used on input line 171.
(pdftex.def)             Requested size: 232.19843pt x 161.07254pt.
 [4 <./images_imperceptible/network_v5.pdf>]
<images_imperceptible/vis_v7.pdf, id=121, 348.34138pt x 292.2117pt>
File: images_imperceptible/vis_v7.pdf Graphic file (type pdf)
<use images_imperceptible/vis_v7.pdf>
Package pdftex.def Info: images_imperceptible/vis_v7.pdf  used on input line 227.
(pdftex.def)             Requested size: 232.19843pt x 194.78651pt.

Underfull \hbox (badness 1895) in paragraph at lines 332--334
|   []   |   []   |   []   |   []   |   []   |   []   |   []   |   []   |   []
 []

[5 <./images_imperceptible/vis_v7.pdf>]
Underfull \hbox (badness 10000) in paragraph at lines 410--411
[] []\OT1/ptm/m/n/9 Generate the per-turbed search im-age $[][] \OT1/cmr/m/n/9 =
 []

[6] [7]
<images_imperceptible/imperceptible/UAP.jpg, id=205, 304.13625pt x 304.13625pt>
File: images_imperceptible/imperceptible/UAP.jpg Graphic file (type jpg)
<use images_imperceptible/imperceptible/UAP.jpg>
Package pdftex.def Info: images_imperceptible/imperceptible/UAP.jpg  used on input line 539.
(pdftex.def)             Requested size: 77.39685pt x 77.3936pt.
<images_imperceptible/imperceptible/AP.jpg, id=206, 304.13625pt x 304.13625pt>
File: images_imperceptible/imperceptible/AP.jpg Graphic file (type jpg)
<use images_imperceptible/imperceptible/AP.jpg>
Package pdftex.def Info: images_imperceptible/imperceptible/AP.jpg  used on input line 540.
(pdftex.def)             Requested size: 77.39685pt x 77.3936pt.
<images_imperceptible/imperceptible/Ours.jpg, id=207, 304.13625pt x 304.13625pt>
File: images_imperceptible/imperceptible/Ours.jpg Graphic file (type jpg)
<use images_imperceptible/imperceptible/Ours.jpg>
Package pdftex.def Info: images_imperceptible/imperceptible/Ours.jpg  used on input line 541.
(pdftex.def)             Requested size: 77.39685pt x 77.3936pt.
<images_imperceptible/FAN.pdf, id=208, 1608.97105pt x 1217.50856pt>
File: images_imperceptible/FAN.pdf Graphic file (type pdf)
<use images_imperceptible/FAN.pdf>
Package pdftex.def Info: images_imperceptible/FAN.pdf  used on input line 584.
(pdftex.def)             Requested size: 232.19843pt x 175.68893pt.
<images_imperceptible/Ours.pdf, id=209, 1608.97105pt x 1217.50856pt>
File: images_imperceptible/Ours.pdf Graphic file (type pdf)
<use images_imperceptible/Ours.pdf>
Package pdftex.def Info: images_imperceptible/Ours.pdf  used on input line 585.
(pdftex.def)             Requested size: 232.19843pt x 175.68893pt.
<images_imperceptible/patch_size/patch_size.png, id=210, 708.39656pt x 395.97937pt>
File: images_imperceptible/patch_size/patch_size.png Graphic file (type png)
<use images_imperceptible/patch_size/patch_size.png>
Package pdftex.def Info: images_imperceptible/patch_size/patch_size.png  used on input line 612.
(pdftex.def)             Requested size: 232.19843pt x 129.79144pt.
 [8 <./images_imperceptible/imperceptible/UAP.jpg> <./images_imperceptible/imperceptible/AP.jpg> <./images_imperceptible/imperceptible/Ours.jpg>]
Underfull \vbox (badness 10000) has occurred while \output is active []

<images_imperceptible/1.pdf, id=215, 762.93025pt x 318.22888pt>
File: images_imperceptible/1.pdf Graphic file (type pdf)
<use images_imperceptible/1.pdf>
Package pdftex.def Info: images_imperceptible/1.pdf  used on input line 641.
(pdftex.def)             Requested size: 247.6778pt x 103.30661pt.
<images_imperceptible/random_gaussian.pdf, id=216, 755.9442pt x 310.27919pt>
File: images_imperceptible/random_gaussian.pdf Graphic file (type pdf)
<use images_imperceptible/random_gaussian.pdf>
Package pdftex.def Info: images_imperceptible/random_gaussian.pdf  used on input line 683.
(pdftex.def)             Requested size: 247.6778pt x 101.6586pt.

Underfull \hbox (badness 1412) in paragraph at lines 706--707
|   []   |   []   |   []   |   []   |   []   |   []   |   []   |   []   |   []
 []

[9 <./images_imperceptible/FAN.pdf> <./images_imperceptible/Ours.pdf> <./images_imperceptible/patch_size/patch_size.png>]
Underfull \hbox (badness 5771) in paragraph at lines 711--712
[]|   []   |   []   |   []
 []


Underfull \hbox (badness 10000) in paragraph at lines 801--803
[]|   []   |   []
 []

[10 <./images_imperceptible/1.pdf> <./images_imperceptible/random_gaussian.pdf>]
Underfull \hbox (badness 3977) in paragraph at lines 806--807
[]|   []   |   []   |   []   |   []   |   []   |   []   |   []   |   []   |   []
 []


Underfull \hbox (badness 2005) in paragraph at lines 806--807
|   []   |   []   |   []   |   []   |   []   |   []   |   []
 []


Underfull \hbox (badness 6332) in paragraph at lines 806--807
|   []   |   []   |   []   |   []   |   []   |   []
 []


Underfull \hbox (badness 1783) in paragraph at lines 806--807
|   []   |   []   |   []   |   []   |   []
 []


Underfull \hbox (badness 1661) in paragraph at lines 855--874
|   []   |   []   |   []   |   []   |   []   |   []   |   []   |   []
 []

[11]
Underfull \hbox (badness 4120) in paragraph at lines 930--933
|   []   |   []   |   []   |   []   |   []   |   []   |   []   |   []   |   []   |   []
 []

(./main.bbl [12]
LaTeX Info: Symbol \textasciicaron not provided by
            font family ptm in TS1 encoding.
            Default family used instead on input line 97.
LaTeX Info: Symbol \textasciicaron not provided by
            font family ptm in TS1 encoding.
            Default family used instead on input line 103.
 [13])
<images_imperceptible/author/zhbli.jpg, id=296, 36.135pt x 50.589pt>
File: images_imperceptible/author/zhbli.jpg Graphic file (type jpg)
<use images_imperceptible/author/zhbli.jpg>
Package pdftex.def Info: images_imperceptible/author/zhbli.jpg  used on input line 957.
(pdftex.def)             Requested size: 72.27362pt x 90.34222pt.
File: images_imperceptible/author/zhbli.jpg Graphic file (type jpg)
<use images_imperceptible/author/zhbli.jpg>
Package pdftex.def Info: images_imperceptible/author/zhbli.jpg  used on input line 957.
(pdftex.def)             Requested size: 72.27362pt x 90.34222pt.
<images_imperceptible/author/yyshi.png, id=299, 75.28125pt x 100.375pt>
File: images_imperceptible/author/yyshi.png Graphic file (type png)
<use images_imperceptible/author/yyshi.png>
Package pdftex.def Info: images_imperceptible/author/yyshi.png  used on input line 962.
(pdftex.def)             Requested size: 72.2772pt x 90.34277pt.
File: images_imperceptible/author/yyshi.png Graphic file (type png)
<use images_imperceptible/author/yyshi.png>
Package pdftex.def Info: images_imperceptible/author/yyshi.png  used on input line 962.
(pdftex.def)             Requested size: 72.2772pt x 90.34277pt.
<images_imperceptible/author/JGao.pdf, id=302, 653.19833pt x 861.36674pt>
File: images_imperceptible/author/JGao.pdf Graphic file (type pdf)
<use images_imperceptible/author/JGao.pdf>
Package pdftex.def Info: images_imperceptible/author/JGao.pdf  used on input line 968.
(pdftex.def)             Requested size: 72.26068pt x 90.33446pt.
File: images_imperceptible/author/JGao.pdf Graphic file (type pdf)
<use images_imperceptible/author/JGao.pdf>
Package pdftex.def Info: images_imperceptible/author/JGao.pdf  used on input line 968.
(pdftex.def)             Requested size: 72.26068pt x 90.33446pt.
<images_imperceptible/author/srwang.jpg, id=305, 1084.05pt x 1640.1275pt>
File: images_imperceptible/author/srwang.jpg Graphic file (type jpg)
<use images_imperceptible/author/srwang.jpg>
Package pdftex.def Info: images_imperceptible/author/srwang.jpg  used on input line 974.
(pdftex.def)             Requested size: 72.2687pt x 90.3199pt.
File: images_imperceptible/author/srwang.jpg Graphic file (type jpg)
<use images_imperceptible/author/srwang.jpg>
Package pdftex.def Info: images_imperceptible/author/srwang.jpg  used on input line 974.
(pdftex.def)             Requested size: 72.2687pt x 90.3199pt.
<images_imperceptible/author/bli.pdf, id=308, 511.14845pt x 643.86255pt>
File: images_imperceptible/author/bli.pdf Graphic file (type pdf)
<use images_imperceptible/author/bli.pdf>
Package pdftex.def Info: images_imperceptible/author/bli.pdf  used on input line 980.
(pdftex.def)             Requested size: 72.27003pt x 90.33662pt.
File: images_imperceptible/author/bli.pdf Graphic file (type pdf)
<use images_imperceptible/author/bli.pdf>
Package pdftex.def Info: images_imperceptible/author/bli.pdf  used on input line 980.
(pdftex.def)             Requested size: 72.27003pt x 90.33662pt.
<images_imperceptible/author/Pengpeng-Liang.pdf, id=311, 73.91916pt x 103.64723pt>
File: images_imperceptible/author/Pengpeng-Liang.pdf Graphic file (type pdf)
<use images_imperceptible/author/Pengpeng-Liang.pdf>
Package pdftex.def Info: images_imperceptible/author/Pengpeng-Liang.pdf  used on input line 986.
(pdftex.def)             Requested size: 72.27446pt x 90.34158pt.
File: images_imperceptible/author/Pengpeng-Liang.pdf Graphic file (type pdf)
<use images_imperceptible/author/Pengpeng-Liang.pdf>
Package pdftex.def Info: images_imperceptible/author/Pengpeng-Liang.pdf  used on input line 986.
(pdftex.def)             Requested size: 72.27446pt x 90.34158pt.
<images_imperceptible/author/wmhu.pdf, id=314, 522.31998pt x 647.47958pt>
File: images_imperceptible/author/wmhu.pdf Graphic file (type pdf)
<use images_imperceptible/author/wmhu.pdf>
Package pdftex.def Info: images_imperceptible/author/wmhu.pdf  used on input line 992.
(pdftex.def)             Requested size: 72.26353pt x 90.33037pt.
File: images_imperceptible/author/wmhu.pdf Graphic file (type pdf)
<use images_imperceptible/author/wmhu.pdf>
Package pdftex.def Info: images_imperceptible/author/wmhu.pdf  used on input line 992.
(pdftex.def)             Requested size: 72.26353pt x 90.33037pt.
 [14 <./images_imperceptible/author/zhbli.jpg> <./images_imperceptible/author/yyshi.png> <./images_imperceptible/author/JGao.pdf> <./images_imperceptible/author/srwang.jpg> <./images_imperceptible/author/bli.pdf> <./images_imperceptible/author/Pengpeng-Liang.pdf> <./images_imperceptible/author/wmhu.pdf>] (./main.aux) ) 
Here is how much of TeX's memory you used:
 5089 strings out of 480608
 75540 string characters out of 5907537
 379425 words of memory out of 5000000
 20828 multiletter control sequences out of 15000+600000
 591032 words of font info for 136 fonts, out of 8000000 for 9000
 1144 hyphenation exceptions out of 8191
 34i,17n,37p,1994b,429s stack positions out of 5000i,500n,10000p,200000b,80000s
{c:/texlive/2020/texmf-dist/fonts/enc/dvips/cm-super/cm-super-ts1.enc}{c:/texlive/2020/texmf-dist/fonts/enc/dvips/base/8r.enc}<c:/texlive/2020/texmf-dist/fonts/type1/public/amsfonts/cm/cmbx10.pfb><c:/texlive/2020/texmf-dist/fonts/type1/public/amsfonts/cm/cmex10.pfb><c:/texlive/2020/texmf-dist/fonts/type1/public/amsfonts/cm/cmmi10.pfb><c:/texlive/2020/texmf-dist/fonts/type1/public/amsfonts/cm/cmmi5.pfb><c:/texlive/2020/texmf-dist/fonts/type1/public/amsfonts/cm/cmmi6.pfb><c:/texlive/2020/texmf-dist/fonts/type1/public/amsfonts/cm/cmmi7.pfb><c:/texlive/2020/texmf-dist/fonts/type1/public/amsfonts/cm/cmmi8.pfb><c:/texlive/2020/texmf-dist/fonts/type1/public/amsfonts/cm/cmmi9.pfb><c:/texlive/2020/texmf-dist/fonts/type1/public/amsfonts/cm/cmmib10.pfb><c:/texlive/2020/texmf-dist/fonts/type1/public/amsfonts/cm/cmr10.pfb><c:/texlive/2020/texmf-dist/fonts/type1/public/amsfonts/cm/cmr5.pfb><c:/texlive/2020/texmf-dist/fonts/type1/public/amsfonts/cm/cmr6.pfb><c:/texlive/2020/texmf-dist/fonts/type1/public/amsfonts/cm/cmr7.pfb><c:/texlive/2020/texmf-dist/fonts/type1/public/amsfonts/cm/cmr8.pfb><c:/texlive/2020/texmf-dist/fonts/type1/public/amsfonts/cm/cmr9.pfb><c:/texlive/2020/texmf-dist/fonts/type1/public/amsfonts/cm/cmss10.pfb><c:/texlive/2020/texmf-dist/fonts/type1/public/amsfonts/cm/cmss8.pfb><c:/texlive/2020/texmf-dist/fonts/type1/public/amsfonts/cm/cmsy10.pfb><c:/texlive/2020/texmf-dist/fonts/type1/public/amsfonts/cm/cmsy5.pfb><c:/texlive/2020/texmf-dist/fonts/type1/public/amsfonts/cm/cmsy6.pfb><c:/texlive/2020/texmf-dist/fonts/type1/public/amsfonts/cm/cmsy7.pfb><c:/texlive/2020/texmf-dist/fonts/type1/public/amsfonts/cm/cmsy8.pfb><c:/texlive/2020/texmf-dist/fonts/type1/public/amsfonts/cm/cmsy9.pfb><c:/texlive/2020/texmf-dist/fonts/type1/public/amsfonts/symbols/msam10.pfb><c:/texlive/2020/texmf-dist/fonts/type1/public/amsfonts/symbols/msbm10.pfb><c:/texlive/2020/texmf-dist/fonts/type1/public/cm-super/sfrm0800.pfb><c:/texlive/2020/texmf-dist/fonts/type1/urw/times/utmb8a.pfb><c:/texlive/2020/texmf-dist/fonts/type1/urw/times/utmbi8a.pfb><c:/texlive/2020/texmf-dist/fonts/type1/urw/times/utmr8a.pfb><c:/texlive/2020/texmf-dist/fonts/type1/urw/times/utmri8a.pfb>
Output written on main.pdf (14 pages, 11987242 bytes).
PDF statistics:
 454 PDF objects out of 1000 (max. 8388607)
 209 compressed objects within 3 object streams
 0 named destinations out of 1000 (max. 500000)
 180 words of extra memory for PDF output out of 10000 (max. 10000000)

